Copyright 1986-2022 Xilinx, Inc. All Rights Reserved.
------------------------------------------------------------------------------------
| Tool Version : Vivado v.2022.1 (win64) Build 3526262 Mon Apr 18 15:48:16 MDT 2022
| Date         : Fri Feb 17 19:15:26 2023
| Host         : DESKTOP-6QOF9GB running 64-bit major release  (build 9200)
| Command      : upgrade_ip
| Device       : xc7a100tcsg324-1
------------------------------------------------------------------------------------

Upgrade Log for IP 'effects_pedal_chorus_pedal_0_0'

1. Summary
----------

SUCCESS in the upgrade of effects_pedal_chorus_pedal_0_0 (xilinx.com:user:chorus_pedal:1.0) from (Rev. 3) to (Rev. 4)






Copyright 1986-2022 Xilinx, Inc. All Rights Reserved.
------------------------------------------------------------------------------------
| Tool Version : Vivado v.2022.1 (win64) Build 3526262 Mon Apr 18 15:48:16 MDT 2022
| Date         : Fri Feb 17 19:13:36 2023
| Host         : DESKTOP-6QOF9GB running 64-bit major release  (build 9200)
| Command      : upgrade_ip
| Device       : xc7a100tcsg324-1
------------------------------------------------------------------------------------

Upgrade Log for IP 'effects_pedal_chorus_pedal_0_0'

1. Summary
----------

SUCCESS in the upgrade of effects_pedal_chorus_pedal_0_0 (xilinx.com:user:chorus_pedal:1.0) from (Rev. 4) to (Rev. 3)






Copyright 1986-2022 Xilinx, Inc. All Rights Reserved.
------------------------------------------------------------------------------------
| Tool Version : Vivado v.2022.1 (win64) Build 3526262 Mon Apr 18 15:48:16 MDT 2022
| Date         : Fri Feb 17 18:58:51 2023
| Host         : DESKTOP-6QOF9GB running 64-bit major release  (build 9200)
| Command      : upgrade_ip
| Device       : xc7a100tcsg324-1
------------------------------------------------------------------------------------

Upgrade Log for IP 'effects_pedal_chorus_pedal_0_0'

1. Summary
----------

SUCCESS in the upgrade of effects_pedal_chorus_pedal_0_0 (xilinx.com:user:chorus_pedal:1.0) from (Rev. 3) to (Rev. 4)






Copyright 1986-2022 Xilinx, Inc. All Rights Reserved.
------------------------------------------------------------------------------------
| Tool Version : Vivado v.2022.1 (win64) Build 3526262 Mon Apr 18 15:48:16 MDT 2022
| Date         : Fri Feb 17 18:49:22 2023
| Host         : DESKTOP-6QOF9GB running 64-bit major release  (build 9200)
| Command      : upgrade_ip
| Device       : xc7a100tcsg324-1
------------------------------------------------------------------------------------

Upgrade Log for IP 'effects_pedal_chorus_pedal_0_0'

1. Summary
----------

SUCCESS in the upgrade of effects_pedal_chorus_pedal_0_0 (xilinx.com:user:chorus_pedal:1.0) from (Rev. 2) to (Rev. 3)






Copyright 1986-2022 Xilinx, Inc. All Rights Reserved.
------------------------------------------------------------------------------------
| Tool Version : Vivado v.2022.1 (win64) Build 3526262 Mon Apr 18 15:48:16 MDT 2022
| Date         : Fri Feb 17 17:29:34 2023
| Host         : DESKTOP-6QOF9GB running 64-bit major release  (build 9200)
| Command      : upgrade_ip
| Device       : xc7a100tcsg324-1
------------------------------------------------------------------------------------

Upgrade Log for IP 'effects_pedal_chorus_pedal_0_0'

1. Summary
----------

SUCCESS in the upgrade of effects_pedal_chorus_pedal_0_0 (xilinx.com:user:chorus_pedal:1.0) from (Rev. 4) to (Rev. 5)






Copyright 1986-2022 Xilinx, Inc. All Rights Reserved.
------------------------------------------------------------------------------------
| Tool Version : Vivado v.2022.1 (win64) Build 3526262 Mon Apr 18 15:48:16 MDT 2022
| Date         : Fri Feb 17 17:23:04 2023
| Host         : DESKTOP-6QOF9GB running 64-bit major release  (build 9200)
| Command      : upgrade_ip
| Device       : xc7a100tcsg324-1
------------------------------------------------------------------------------------

Upgrade Log for IP 'effects_pedal_chorus_pedal_0_0'

1. Summary
----------

SUCCESS in the upgrade of effects_pedal_chorus_pedal_0_0 (xilinx.com:user:chorus_pedal:1.0) from (Rev. 3) to (Rev. 4)






Copyright 1986-2022 Xilinx, Inc. All Rights Reserved.
------------------------------------------------------------------------------------
| Tool Version : Vivado v.2022.1 (win64) Build 3526262 Mon Apr 18 15:48:16 MDT 2022
| Date         : Fri Feb 17 16:22:23 2023
| Host         : DESKTOP-6QOF9GB running 64-bit major release  (build 9200)
| Command      : upgrade_ip
| Device       : xc7a100tcsg324-1
------------------------------------------------------------------------------------

Upgrade Log for IP 'effects_pedal_chorus_pedal_0_0'

1. Summary
----------

SUCCESS in the upgrade of effects_pedal_chorus_pedal_0_0 (xilinx.com:user:chorus_pedal:1.0) from (Rev. 2) to (Rev. 3)

