
*** Running vivado
    with args -log top.vds -m64 -product Vivado -mode batch -messageDb vivado.pb -notrace -source top.tcl



****** Vivado v2022.2 (64-bit)
  **** SW Build 3671981 on Fri Oct 14 05:00:03 MDT 2022
  **** IP Build 3669848 on Fri Oct 14 08:30:02 MDT 2022
    ** Copyright 1986-2022 Xilinx, Inc. All Rights Reserved.

source top.tcl -notrace
INFO: [IP_Flow 19-234] Refreshing IP repositories
INFO: [IP_Flow 19-1700] Loaded user IP repository 'c:/Users/Cas/AppData/Roaming/Xilinx/ip_repo'.
INFO: [IP_Flow 19-2313] Loaded Vivado IP repository 'D:/Xilinx/Vivado/2022.2/data/ip'.
Command: read_checkpoint -auto_incremental -incremental C:/gitaar_effect/ip/ip.srcs/utils_1/imports/synth_1/top.dcp
INFO: [Vivado 12-5825] Read reference checkpoint from C:/gitaar_effect/ip/ip.srcs/utils_1/imports/synth_1/top.dcp for incremental synthesis
INFO: [Vivado 12-7989] Please ensure there are no constraint changes
Command: synth_design -top top -part xc7a100tcsg324-1
Starting synth_design
Attempting to get a license for feature 'Synthesis' and/or device 'xc7a100t'
INFO: [Common 17-349] Got license for feature 'Synthesis' and/or device 'xc7a100t'
INFO: [Device 21-403] Loading part xc7a100tcsg324-1
INFO: [Designutils 20-5440] No compile time benefit to using incremental synthesis; A full resynthesis will be run
INFO: [Designutils 20-4379] Flow is switching to default flow due to incremental criteria not met. If you would like to alter this behaviour and have the flow terminate instead, please set the following parameter config_implementation {autoIncr.Synth.RejectBehavior Terminate}
INFO: [Synth 8-7079] Multithreading enabled for synth_design using a maximum of 2 processes.
INFO: [Synth 8-7078] Launching helper process for spawning children vivado processes
INFO: [Synth 8-7075] Helper process launched with PID 34076
INFO: [Synth 8-11241] undeclared symbol 'REGCCE', assumed default net type 'wire' [D:/Xilinx/Vivado/2022.2/data/verilog/src/unimacro/BRAM_SINGLE_MACRO.v:2170]
---------------------------------------------------------------------------------
Starting RTL Elaboration : Time (s): cpu = 00:00:04 ; elapsed = 00:00:05 . Memory (MB): peak = 1847.547 ; gain = 410.145
---------------------------------------------------------------------------------
INFO: [Synth 8-638] synthesizing module 'top' [C:/gitaar_effect/ip/ip.srcs/sources_1/imports/new/top.vhd:51]
INFO: [Synth 8-3491] module 'effects_pedal' declared at 'c:/gitaar_effect/ip/ip.gen/sources_1/bd/effects_pedal/synth/effects_pedal.v:12' bound to instance 'effects_pedal_1' of component 'effects_pedal' [C:/gitaar_effect/ip/ip.srcs/sources_1/imports/new/top.vhd:107]
INFO: [Synth 8-6157] synthesizing module 'effects_pedal' [c:/gitaar_effect/ip/ip.gen/sources_1/bd/effects_pedal/synth/effects_pedal.v:12]
INFO: [Synth 8-638] synthesizing module 'effects_pedal_chorus_0_1' [C:/gitaar_effect/ip/ip.runs/synth_1/.Xil/Vivado-35100-DESKTOP-6QOF9GB/realtime/effects_pedal_chorus_0_1_stub.vhdl:38]
WARNING: [Synth 8-7071] port 'S_AXI_arready' of module 'effects_pedal_chorus_0_1' is unconnected for instance 'chorus_0' [c:/gitaar_effect/ip/ip.gen/sources_1/bd/effects_pedal/synth/effects_pedal.v:41]
WARNING: [Synth 8-7071] port 'S_AXI_awready' of module 'effects_pedal_chorus_0_1' is unconnected for instance 'chorus_0' [c:/gitaar_effect/ip/ip.gen/sources_1/bd/effects_pedal/synth/effects_pedal.v:41]
WARNING: [Synth 8-7071] port 'S_AXI_bresp' of module 'effects_pedal_chorus_0_1' is unconnected for instance 'chorus_0' [c:/gitaar_effect/ip/ip.gen/sources_1/bd/effects_pedal/synth/effects_pedal.v:41]
WARNING: [Synth 8-7071] port 'S_AXI_bvalid' of module 'effects_pedal_chorus_0_1' is unconnected for instance 'chorus_0' [c:/gitaar_effect/ip/ip.gen/sources_1/bd/effects_pedal/synth/effects_pedal.v:41]
WARNING: [Synth 8-7071] port 'S_AXI_rdata' of module 'effects_pedal_chorus_0_1' is unconnected for instance 'chorus_0' [c:/gitaar_effect/ip/ip.gen/sources_1/bd/effects_pedal/synth/effects_pedal.v:41]
WARNING: [Synth 8-7071] port 'S_AXI_rresp' of module 'effects_pedal_chorus_0_1' is unconnected for instance 'chorus_0' [c:/gitaar_effect/ip/ip.gen/sources_1/bd/effects_pedal/synth/effects_pedal.v:41]
WARNING: [Synth 8-7071] port 'S_AXI_rvalid' of module 'effects_pedal_chorus_0_1' is unconnected for instance 'chorus_0' [c:/gitaar_effect/ip/ip.gen/sources_1/bd/effects_pedal/synth/effects_pedal.v:41]
WARNING: [Synth 8-7071] port 'S_AXI_wready' of module 'effects_pedal_chorus_0_1' is unconnected for instance 'chorus_0' [c:/gitaar_effect/ip/ip.gen/sources_1/bd/effects_pedal/synth/effects_pedal.v:41]
WARNING: [Synth 8-7023] instance 'chorus_0' of module 'effects_pedal_chorus_0_1' has 27 connections declared, but only 19 given [c:/gitaar_effect/ip/ip.gen/sources_1/bd/effects_pedal/synth/effects_pedal.v:41]
INFO: [Synth 8-6157] synthesizing module 'effects_pedal_xlconstant_0_0' [c:/gitaar_effect/ip/ip.gen/sources_1/bd/effects_pedal/ip/effects_pedal_xlconstant_0_0/synth/effects_pedal_xlconstant_0_0.v:53]
INFO: [Synth 8-6157] synthesizing module 'xlconstant_v1_1_7_xlconstant' [c:/gitaar_effect/ip/ip.gen/sources_1/bd/effects_pedal/ipshared/badb/hdl/xlconstant_v1_1_vl_rfs.v:23]
INFO: [Synth 8-6155] done synthesizing module 'xlconstant_v1_1_7_xlconstant' (0#1) [c:/gitaar_effect/ip/ip.gen/sources_1/bd/effects_pedal/ipshared/badb/hdl/xlconstant_v1_1_vl_rfs.v:23]
INFO: [Synth 8-6155] done synthesizing module 'effects_pedal_xlconstant_0_0' (0#1) [c:/gitaar_effect/ip/ip.gen/sources_1/bd/effects_pedal/ip/effects_pedal_xlconstant_0_0/synth/effects_pedal_xlconstant_0_0.v:53]
INFO: [Synth 8-6155] done synthesizing module 'effects_pedal' (0#1) [c:/gitaar_effect/ip/ip.gen/sources_1/bd/effects_pedal/synth/effects_pedal.v:12]
INFO: [Synth 8-3491] module 'i2s_transceiver' declared at 'C:/gitaar_effect/ip/ip.srcs/sources_1/imports/new/i2s_transceiver.vhd:26' bound to instance 'i2s_transceiver_1' of component 'i2s_transceiver' [C:/gitaar_effect/ip/ip.srcs/sources_1/imports/new/top.vhd:117]
INFO: [Synth 8-638] synthesizing module 'i2s_transceiver' [C:/gitaar_effect/ip/ip.srcs/sources_1/imports/new/i2s_transceiver.vhd:44]
	Parameter mclk_sclk_ratio bound to: 4 - type: integer 
	Parameter sclk_ws_ratio bound to: 64 - type: integer 
	Parameter d_width bound to: 24 - type: integer 
INFO: [Synth 8-256] done synthesizing module 'i2s_transceiver' (0#1) [C:/gitaar_effect/ip/ip.srcs/sources_1/imports/new/i2s_transceiver.vhd:44]
INFO: [Synth 8-3491] module 'clk' declared at 'c:/gitaar_effect/ip/ip.gen/sources_1/bd/clk/synth/clk.vhd:14' bound to instance 'clocking_wizard_1' of component 'clk' [C:/gitaar_effect/ip/ip.srcs/sources_1/imports/new/top.vhd:131]
INFO: [Synth 8-638] synthesizing module 'clk' [c:/gitaar_effect/ip/ip.gen/sources_1/bd/clk/synth/clk.vhd:25]
INFO: [Synth 8-3491] module 'clk_clk_wiz_0_0' declared at 'C:/gitaar_effect/ip/ip.runs/synth_1/.Xil/Vivado-35100-DESKTOP-6QOF9GB/realtime/clk_clk_wiz_0_0_stub.vhdl:5' bound to instance 'clk_wiz_0' of component 'clk_clk_wiz_0_0' [c:/gitaar_effect/ip/ip.gen/sources_1/bd/clk/synth/clk.vhd:45]
INFO: [Synth 8-638] synthesizing module 'clk_clk_wiz_0_0' [C:/gitaar_effect/ip/ip.runs/synth_1/.Xil/Vivado-35100-DESKTOP-6QOF9GB/realtime/clk_clk_wiz_0_0_stub.vhdl:14]
INFO: [Synth 8-256] done synthesizing module 'clk' (0#1) [c:/gitaar_effect/ip/ip.gen/sources_1/bd/clk/synth/clk.vhd:25]
INFO: [Synth 8-256] done synthesizing module 'top' (0#1) [C:/gitaar_effect/ip/ip.srcs/sources_1/imports/new/top.vhd:51]
WARNING: [Synth 8-7129] Port reset in module top is either unconnected or has no load
WARNING: [Synth 8-7129] Port sys_clk_i in module top is either unconnected or has no load
WARNING: [Synth 8-7129] Port switch_0 in module top is either unconnected or has no load
WARNING: [Synth 8-7129] Port switch_1 in module top is either unconnected or has no load
---------------------------------------------------------------------------------
Finished RTL Elaboration : Time (s): cpu = 00:00:05 ; elapsed = 00:00:06 . Memory (MB): peak = 1941.531 ; gain = 504.129
---------------------------------------------------------------------------------
---------------------------------------------------------------------------------
Start Handling Custom Attributes
---------------------------------------------------------------------------------
---------------------------------------------------------------------------------
Finished Handling Custom Attributes : Time (s): cpu = 00:00:06 ; elapsed = 00:00:06 . Memory (MB): peak = 1941.531 ; gain = 504.129
---------------------------------------------------------------------------------
---------------------------------------------------------------------------------
Finished RTL Optimization Phase 1 : Time (s): cpu = 00:00:06 ; elapsed = 00:00:06 . Memory (MB): peak = 1941.531 ; gain = 504.129
---------------------------------------------------------------------------------
Netlist sorting complete. Time (s): cpu = 00:00:00 ; elapsed = 00:00:00.006 . Memory (MB): peak = 1941.531 ; gain = 0.000
INFO: [Project 1-570] Preparing netlist for logic optimization

Processing XDC Constraints
Initializing timing engine
Parsing XDC File [c:/gitaar_effect/ip/ip.gen/sources_1/bd/clk/ip/clk_clk_wiz_0_0/clk_clk_wiz_0_0/clk_clk_wiz_0_0_in_context.xdc] for cell 'clocking_wizard_1/clk_wiz_0'
Finished Parsing XDC File [c:/gitaar_effect/ip/ip.gen/sources_1/bd/clk/ip/clk_clk_wiz_0_0/clk_clk_wiz_0_0/clk_clk_wiz_0_0_in_context.xdc] for cell 'clocking_wizard_1/clk_wiz_0'
Parsing XDC File [c:/gitaar_effect/ip/ip.gen/sources_1/bd/effects_pedal/ip/effects_pedal_chorus_0_1/effects_pedal_chorus_0_1/effects_pedal_chorus_0_1_in_context.xdc] for cell 'effects_pedal_1/chorus_0'
Finished Parsing XDC File [c:/gitaar_effect/ip/ip.gen/sources_1/bd/effects_pedal/ip/effects_pedal_chorus_0_1/effects_pedal_chorus_0_1/effects_pedal_chorus_0_1_in_context.xdc] for cell 'effects_pedal_1/chorus_0'
Parsing XDC File [C:/gitaar_effect/ip/ip.srcs/constrs_1/imports/digilent-xdc-master/Nexys-A7-100T-Master.xdc]
Finished Parsing XDC File [C:/gitaar_effect/ip/ip.srcs/constrs_1/imports/digilent-xdc-master/Nexys-A7-100T-Master.xdc]
INFO: [Project 1-236] Implementation specific constraints were found while reading constraint file [C:/gitaar_effect/ip/ip.srcs/constrs_1/imports/digilent-xdc-master/Nexys-A7-100T-Master.xdc]. These constraints will be ignored for synthesis but will be used in implementation. Impacted constraints are listed in the file [.Xil/top_propImpl.xdc].
Resolution: To avoid this warning, move constraints listed in [.Xil/top_propImpl.xdc] to another XDC file and exclude this new file from synthesis with the used_in_synthesis property (File Properties dialog in GUI) and re-run elaboration/synthesis.
Parsing XDC File [C:/gitaar_effect/ip/ip.runs/synth_1/dont_touch.xdc]
Finished Parsing XDC File [C:/gitaar_effect/ip/ip.runs/synth_1/dont_touch.xdc]
Completed Processing XDC Constraints

Netlist sorting complete. Time (s): cpu = 00:00:00 ; elapsed = 00:00:00 . Memory (MB): peak = 2031.602 ; gain = 0.000
INFO: [Project 1-111] Unisim Transformation Summary:
No Unisim elements were transformed.

Constraint Validation Runtime : Time (s): cpu = 00:00:00 ; elapsed = 00:00:00.005 . Memory (MB): peak = 2031.602 ; gain = 0.000
INFO: [Designutils 20-5440] No compile time benefit to using incremental synthesis; A full resynthesis will be run
INFO: [Designutils 20-4379] Flow is switching to default flow due to incremental criteria not met. If you would like to alter this behaviour and have the flow terminate instead, please set the following parameter config_implementation {autoIncr.Synth.RejectBehavior Terminate}
INFO: [Synth 8-11241] undeclared symbol 'REGCCE', assumed default net type 'wire' [D:/Xilinx/Vivado/2022.2/data/verilog/src/unimacro/BRAM_SINGLE_MACRO.v:2170]
---------------------------------------------------------------------------------
Finished Constraint Validation : Time (s): cpu = 00:00:13 ; elapsed = 00:00:14 . Memory (MB): peak = 2031.602 ; gain = 594.199
---------------------------------------------------------------------------------
---------------------------------------------------------------------------------
Start Loading Part and Timing Information
---------------------------------------------------------------------------------
Loading part: xc7a100tcsg324-1
---------------------------------------------------------------------------------
Finished Loading Part and Timing Information : Time (s): cpu = 00:00:13 ; elapsed = 00:00:14 . Memory (MB): peak = 2031.602 ; gain = 594.199
---------------------------------------------------------------------------------
---------------------------------------------------------------------------------
Start Applying 'set_property' XDC Constraints
---------------------------------------------------------------------------------
Applied set_property IO_BUFFER_TYPE = NONE for sys_clock. (constraint file  c:/gitaar_effect/ip/ip.gen/sources_1/bd/clk/ip/clk_clk_wiz_0_0/clk_clk_wiz_0_0/clk_clk_wiz_0_0_in_context.xdc, line 3).
Applied set_property CLOCK_BUFFER_TYPE = NONE for sys_clock. (constraint file  c:/gitaar_effect/ip/ip.gen/sources_1/bd/clk/ip/clk_clk_wiz_0_0/clk_clk_wiz_0_0/clk_clk_wiz_0_0_in_context.xdc, line 4).
Applied set_property KEEP_HIERARCHY = SOFT for clocking_wizard_1. (constraint file  auto generated constraint).
Applied set_property KEEP_HIERARCHY = SOFT for clocking_wizard_1/clk_wiz_0. (constraint file  auto generated constraint).
Applied set_property KEEP_HIERARCHY = SOFT for effects_pedal_1. (constraint file  auto generated constraint).
Applied set_property KEEP_HIERARCHY = SOFT for effects_pedal_1/xlconstant_0. (constraint file  auto generated constraint).
Applied set_property KEEP_HIERARCHY = SOFT for effects_pedal_1/chorus_0. (constraint file  auto generated constraint).
---------------------------------------------------------------------------------
Finished applying 'set_property' XDC Constraints : Time (s): cpu = 00:00:13 ; elapsed = 00:00:14 . Memory (MB): peak = 2031.602 ; gain = 594.199
---------------------------------------------------------------------------------
---------------------------------------------------------------------------------
Finished RTL Optimization Phase 2 : Time (s): cpu = 00:00:13 ; elapsed = 00:00:14 . Memory (MB): peak = 2031.602 ; gain = 594.199
---------------------------------------------------------------------------------
---------------------------------------------------------------------------------
Start RTL Component Statistics 
---------------------------------------------------------------------------------
Detailed RTL Component Info : 
+---Adders : 
	   2 Input   32 Bit       Adders := 1     
+---Registers : 
	               24 Bit    Registers := 6     
	                1 Bit    Registers := 3     
+---Muxes : 
	   2 Input   24 Bit        Muxes := 2     
	   2 Input    1 Bit        Muxes := 3     
---------------------------------------------------------------------------------
Finished RTL Component Statistics 
---------------------------------------------------------------------------------
---------------------------------------------------------------------------------
Start Part Resource Summary
---------------------------------------------------------------------------------
Part Resources:
DSPs: 240 (col length:80)
BRAMs: 270 (col length: RAMB18 80 RAMB36 40)
---------------------------------------------------------------------------------
Finished Part Resource Summary
---------------------------------------------------------------------------------
---------------------------------------------------------------------------------
Start Cross Boundary and Area Optimization
---------------------------------------------------------------------------------
WARNING: [Synth 8-7080] Parallel synthesis criteria is not met
WARNING: [Synth 8-7129] Port reset in module top is either unconnected or has no load
WARNING: [Synth 8-7129] Port sys_clk_i in module top is either unconnected or has no load
WARNING: [Synth 8-7129] Port switch_0 in module top is either unconnected or has no load
WARNING: [Synth 8-7129] Port switch_1 in module top is either unconnected or has no load
---------------------------------------------------------------------------------
Finished Cross Boundary and Area Optimization : Time (s): cpu = 00:00:15 ; elapsed = 00:00:16 . Memory (MB): peak = 2031.602 ; gain = 594.199
---------------------------------------------------------------------------------
---------------------------------------------------------------------------------
Start Applying XDC Timing Constraints
---------------------------------------------------------------------------------
---------------------------------------------------------------------------------
Finished Applying XDC Timing Constraints : Time (s): cpu = 00:00:19 ; elapsed = 00:00:20 . Memory (MB): peak = 2031.602 ; gain = 594.199
---------------------------------------------------------------------------------
---------------------------------------------------------------------------------
Start Timing Optimization
---------------------------------------------------------------------------------
---------------------------------------------------------------------------------
Finished Timing Optimization : Time (s): cpu = 00:00:20 ; elapsed = 00:00:21 . Memory (MB): peak = 2031.602 ; gain = 594.199
---------------------------------------------------------------------------------
---------------------------------------------------------------------------------
Start Technology Mapping
---------------------------------------------------------------------------------
---------------------------------------------------------------------------------
Finished Technology Mapping : Time (s): cpu = 00:00:20 ; elapsed = 00:00:21 . Memory (MB): peak = 2031.602 ; gain = 594.199
---------------------------------------------------------------------------------
---------------------------------------------------------------------------------
Start IO Insertion
---------------------------------------------------------------------------------
---------------------------------------------------------------------------------
Start Flattening Before IO Insertion
---------------------------------------------------------------------------------
---------------------------------------------------------------------------------
Finished Flattening Before IO Insertion
---------------------------------------------------------------------------------
---------------------------------------------------------------------------------
Start Final Netlist Cleanup
---------------------------------------------------------------------------------
---------------------------------------------------------------------------------
Finished Final Netlist Cleanup
---------------------------------------------------------------------------------
---------------------------------------------------------------------------------
Finished IO Insertion : Time (s): cpu = 00:00:24 ; elapsed = 00:00:25 . Memory (MB): peak = 2031.602 ; gain = 594.199
---------------------------------------------------------------------------------
---------------------------------------------------------------------------------
Start Renaming Generated Instances
---------------------------------------------------------------------------------
---------------------------------------------------------------------------------
Finished Renaming Generated Instances : Time (s): cpu = 00:00:24 ; elapsed = 00:00:25 . Memory (MB): peak = 2031.602 ; gain = 594.199
---------------------------------------------------------------------------------
---------------------------------------------------------------------------------
Start Rebuilding User Hierarchy
---------------------------------------------------------------------------------
---------------------------------------------------------------------------------
Finished Rebuilding User Hierarchy : Time (s): cpu = 00:00:24 ; elapsed = 00:00:25 . Memory (MB): peak = 2031.602 ; gain = 594.199
---------------------------------------------------------------------------------
---------------------------------------------------------------------------------
Start Renaming Generated Ports
---------------------------------------------------------------------------------
---------------------------------------------------------------------------------
Finished Renaming Generated Ports : Time (s): cpu = 00:00:24 ; elapsed = 00:00:25 . Memory (MB): peak = 2031.602 ; gain = 594.199
---------------------------------------------------------------------------------
---------------------------------------------------------------------------------
Start Handling Custom Attributes
---------------------------------------------------------------------------------
---------------------------------------------------------------------------------
Finished Handling Custom Attributes : Time (s): cpu = 00:00:24 ; elapsed = 00:00:25 . Memory (MB): peak = 2031.602 ; gain = 594.199
---------------------------------------------------------------------------------
---------------------------------------------------------------------------------
Start Renaming Generated Nets
---------------------------------------------------------------------------------
---------------------------------------------------------------------------------
Finished Renaming Generated Nets : Time (s): cpu = 00:00:24 ; elapsed = 00:00:25 . Memory (MB): peak = 2031.602 ; gain = 594.199
---------------------------------------------------------------------------------
---------------------------------------------------------------------------------
Start Writing Synthesis Report
---------------------------------------------------------------------------------

Report BlackBoxes: 
+------+-------------------------+----------+
|      |BlackBox name            |Instances |
+------+-------------------------+----------+
|1     |effects_pedal_chorus_0_1 |         1|
|2     |clk_clk_wiz_0_0          |         1|
+------+-------------------------+----------+

Report Cell Usage: 
+------+------------------------------+------+
|      |Cell                          |Count |
+------+------------------------------+------+
|1     |clk_clk_wiz_0_0_bbox          |     1|
|2     |effects_pedal_chorus_0_1_bbox |     1|
|3     |CARRY4                        |    44|
|4     |LUT1                          |     4|
|5     |LUT2                          |   169|
|6     |LUT3                          |    48|
|7     |LUT4                          |     1|
|8     |LUT5                          |     2|
|9     |LUT6                          |     2|
|10    |FDCE                          |   211|
|11    |IBUF                          |     2|
|12    |OBUF                          |     7|
+------+------------------------------+------+
---------------------------------------------------------------------------------
Finished Writing Synthesis Report : Time (s): cpu = 00:00:24 ; elapsed = 00:00:25 . Memory (MB): peak = 2031.602 ; gain = 594.199
---------------------------------------------------------------------------------
Synthesis finished with 0 errors, 0 critical warnings and 5 warnings.
Synthesis Optimization Runtime : Time (s): cpu = 00:00:17 ; elapsed = 00:00:23 . Memory (MB): peak = 2031.602 ; gain = 504.129
Synthesis Optimization Complete : Time (s): cpu = 00:00:24 ; elapsed = 00:00:25 . Memory (MB): peak = 2031.602 ; gain = 594.199
INFO: [Project 1-571] Translating synthesized netlist
Netlist sorting complete. Time (s): cpu = 00:00:00 ; elapsed = 00:00:00.006 . Memory (MB): peak = 2031.602 ; gain = 0.000
INFO: [Netlist 29-17] Analyzing 44 Unisim elements for replacement
INFO: [Netlist 29-28] Unisim Transformation completed in 0 CPU seconds
INFO: [Project 1-570] Preparing netlist for logic optimization
INFO: [Opt 31-138] Pushed 0 inverter(s) to 0 load pin(s).
Netlist sorting complete. Time (s): cpu = 00:00:00 ; elapsed = 00:00:00 . Memory (MB): peak = 2031.602 ; gain = 0.000
INFO: [Project 1-111] Unisim Transformation Summary:
No Unisim elements were transformed.

Synth Design complete, checksum: 9b9a2133
INFO: [Common 17-83] Releasing license: Synthesis
44 Infos, 18 Warnings, 0 Critical Warnings and 0 Errors encountered.
synth_design completed successfully
synth_design: Time (s): cpu = 00:00:28 ; elapsed = 00:00:29 . Memory (MB): peak = 2031.602 ; gain = 992.367
INFO: [Common 17-1381] The checkpoint 'C:/gitaar_effect/ip/ip.runs/synth_1/top.dcp' has been generated.
INFO: [runtcl-4] Executing : report_utilization -file top_utilization_synth.rpt -pb top_utilization_synth.pb
INFO: [Common 17-206] Exiting Vivado at Sat Apr  1 11:53:54 2023...
