
*** Running vivado
    with args -log delay_channel_1_inst_2_fir_compiler_0_0.vds -m64 -product Vivado -mode batch -messageDb vivado.pb -notrace -source delay_channel_1_inst_2_fir_compiler_0_0.tcl



****** Vivado v2022.1 (64-bit)
  **** SW Build 3526262 on Mon Apr 18 15:48:16 MDT 2022
  **** IP Build 3524634 on Mon Apr 18 20:55:01 MDT 2022
    ** Copyright 1986-2022 Xilinx, Inc. All Rights Reserved.

source delay_channel_1_inst_2_fir_compiler_0_0.tcl -notrace
create_project: Time (s): cpu = 00:00:05 ; elapsed = 00:00:07 . Memory (MB): peak = 1807.367 ; gain = 0.000
Command: synth_design -top delay_channel_1_inst_2_fir_compiler_0_0 -part xc7a100tcsg324-1 -incremental_mode off -mode out_of_context
Starting synth_design
Attempting to get a license for feature 'Synthesis' and/or device 'xc7a100t'
INFO: [Common 17-349] Got license for feature 'Synthesis' and/or device 'xc7a100t'
INFO: [Device 21-403] Loading part xc7a100tcsg324-1
INFO: [Synth 8-7079] Multithreading enabled for synth_design using a maximum of 2 processes.
INFO: [Synth 8-7078] Launching helper process for spawning children vivado processes
INFO: [Synth 8-7075] Helper process launched with PID 19632
---------------------------------------------------------------------------------
Starting RTL Elaboration : Time (s): cpu = 00:00:08 ; elapsed = 00:00:11 . Memory (MB): peak = 1916.215 ; gain = 108.848
---------------------------------------------------------------------------------
INFO: [Synth 8-638] synthesizing module 'delay_channel_1_inst_2_fir_compiler_0_0' [c:/gitaar_effect/Gitaar_effect_delay/Gitaar_effect_delay.gen/sources_1/bd/effects_pedal/bd/delay_channel_1_inst_2/ip/delay_channel_1_inst_2_fir_compiler_0_0/synth/delay_channel_1_inst_2_fir_compiler_0_0.vhd:70]
	Parameter C_XDEVICEFAMILY bound to: artix7 - type: string 
	Parameter C_ELABORATION_DIR bound to: ./ - type: string 
	Parameter C_COMPONENT_NAME bound to: delay_channel_1_inst_2_fir_compiler_0_0 - type: string 
	Parameter C_COEF_FILE bound to: delay_channel_1_inst_2_fir_compiler_0_0.mif - type: string 
	Parameter C_COEF_FILE_LINES bound to: 8 - type: integer 
	Parameter C_FILTER_TYPE bound to: 0 - type: integer 
	Parameter C_INTERP_RATE bound to: 1 - type: integer 
	Parameter C_DECIM_RATE bound to: 1 - type: integer 
	Parameter C_ZERO_PACKING_FACTOR bound to: 1 - type: integer 
	Parameter C_SYMMETRY bound to: 1 - type: integer 
	Parameter C_NUM_FILTS bound to: 1 - type: integer 
	Parameter C_NUM_TAPS bound to: 16 - type: integer 
	Parameter C_NUM_CHANNELS bound to: 1 - type: integer 
	Parameter C_CHANNEL_PATTERN bound to: fixed - type: string 
	Parameter C_ROUND_MODE bound to: 1 - type: integer 
	Parameter C_COEF_RELOAD bound to: 0 - type: integer 
	Parameter C_NUM_RELOAD_SLOTS bound to: 1 - type: integer 
	Parameter C_COL_MODE bound to: 1 - type: integer 
	Parameter C_COL_PIPE_LEN bound to: 4 - type: integer 
	Parameter C_COL_CONFIG bound to: 1 - type: string 
	Parameter C_OPTIMIZATION bound to: 0 - type: integer 
	Parameter C_DATA_PATH_WIDTHS bound to: 24 - type: string 
	Parameter C_DATA_IP_PATH_WIDTHS bound to: 24 - type: string 
	Parameter C_DATA_PX_PATH_WIDTHS bound to: 24 - type: string 
	Parameter C_DATA_WIDTH bound to: 24 - type: integer 
	Parameter C_COEF_PATH_WIDTHS bound to: 16 - type: string 
	Parameter C_COEF_WIDTH bound to: 16 - type: integer 
	Parameter C_DATA_PATH_SRC bound to: 0 - type: string 
	Parameter C_COEF_PATH_SRC bound to: 0 - type: string 
	Parameter C_PX_PATH_SRC bound to: 0 - type: string 
	Parameter C_DATA_PATH_SIGN bound to: 0 - type: string 
	Parameter C_COEF_PATH_SIGN bound to: 0 - type: string 
	Parameter C_ACCUM_PATH_WIDTHS bound to: 41 - type: string 
	Parameter C_OUTPUT_WIDTH bound to: 26 - type: integer 
	Parameter C_OUTPUT_PATH_WIDTHS bound to: 26 - type: string 
	Parameter C_ACCUM_OP_PATH_WIDTHS bound to: 41 - type: string 
	Parameter C_EXT_MULT_CNFG bound to: none - type: string 
	Parameter C_DATA_PATH_PSAMP_SRC bound to: 0 - type: string 
	Parameter C_OP_PATH_PSAMP_SRC bound to: 0 - type: string 
	Parameter C_NUM_MADDS bound to: 1 - type: integer 
	Parameter C_OPT_MADDS bound to: none - type: string 
	Parameter C_OVERSAMPLING_RATE bound to: 8 - type: integer 
	Parameter C_INPUT_RATE bound to: 256 - type: integer 
	Parameter C_OUTPUT_RATE bound to: 256 - type: integer 
	Parameter C_DATA_MEMTYPE bound to: 0 - type: integer 
	Parameter C_COEF_MEMTYPE bound to: 2 - type: integer 
	Parameter C_IPBUFF_MEMTYPE bound to: 0 - type: integer 
	Parameter C_OPBUFF_MEMTYPE bound to: 0 - type: integer 
	Parameter C_DATAPATH_MEMTYPE bound to: 0 - type: integer 
	Parameter C_MEM_ARRANGEMENT bound to: 1 - type: integer 
	Parameter C_DATA_MEM_PACKING bound to: 0 - type: integer 
	Parameter C_COEF_MEM_PACKING bound to: 0 - type: integer 
	Parameter C_FILTS_PACKED bound to: 0 - type: integer 
	Parameter C_LATENCY bound to: 15 - type: integer 
	Parameter C_HAS_ARESETn bound to: 0 - type: integer 
	Parameter C_HAS_ACLKEN bound to: 0 - type: integer 
	Parameter C_DATA_HAS_TLAST bound to: 0 - type: integer 
	Parameter C_S_DATA_HAS_FIFO bound to: 1 - type: integer 
	Parameter C_S_DATA_HAS_TUSER bound to: 0 - type: integer 
	Parameter C_S_DATA_TDATA_WIDTH bound to: 24 - type: integer 
	Parameter C_S_DATA_TUSER_WIDTH bound to: 1 - type: integer 
	Parameter C_M_DATA_HAS_TREADY bound to: 0 - type: integer 
	Parameter C_M_DATA_HAS_TUSER bound to: 0 - type: integer 
	Parameter C_M_DATA_TDATA_WIDTH bound to: 32 - type: integer 
	Parameter C_M_DATA_TUSER_WIDTH bound to: 1 - type: integer 
	Parameter C_HAS_CONFIG_CHANNEL bound to: 0 - type: integer 
	Parameter C_CONFIG_SYNC_MODE bound to: 0 - type: integer 
	Parameter C_CONFIG_PACKET_SIZE bound to: 0 - type: integer 
	Parameter C_CONFIG_TDATA_WIDTH bound to: 1 - type: integer 
	Parameter C_RELOAD_TDATA_WIDTH bound to: 1 - type: integer 
INFO: [Synth 8-3491] module 'fir_compiler_v7_2_18' declared at 'c:/gitaar_effect/Gitaar_effect_delay/Gitaar_effect_delay.gen/sources_1/bd/effects_pedal/bd/delay_channel_1_inst_2/ipshared/d172/hdl/fir_compiler_v7_2_vh_rfs.vhd:67113' bound to instance 'U0' of component 'fir_compiler_v7_2_18' [c:/gitaar_effect/Gitaar_effect_delay/Gitaar_effect_delay.gen/sources_1/bd/effects_pedal/bd/delay_channel_1_inst_2/ip/delay_channel_1_inst_2_fir_compiler_0_0/synth/delay_channel_1_inst_2_fir_compiler_0_0.vhd:206]
INFO: [Synth 8-256] done synthesizing module 'delay_channel_1_inst_2_fir_compiler_0_0' (0#1) [c:/gitaar_effect/Gitaar_effect_delay/Gitaar_effect_delay.gen/sources_1/bd/effects_pedal/bd/delay_channel_1_inst_2/ip/delay_channel_1_inst_2_fir_compiler_0_0/synth/delay_channel_1_inst_2_fir_compiler_0_0.vhd:70]
WARNING: [Synth 8-5858] RAM p_path_out_reg from Abstract Data Type (record/struct) for this pattern/configuration is not supported. This will most likely be implemented in registers
WARNING: [Synth 8-10225] Potential Runtime issue for 3D-RAM or RAM from Record/Structs for RAM  p_path_out_reg 
WARNING: [Synth 8-7129] Port SCLR in module delay__parameterized13 is either unconnected or has no load
WARNING: [Synth 8-7129] Port SCLR_ALT in module delay__parameterized13 is either unconnected or has no load
WARNING: [Synth 8-7129] Port SCLR in module delay__parameterized12 is either unconnected or has no load
WARNING: [Synth 8-7129] Port SCLR_ALT in module delay__parameterized12 is either unconnected or has no load
WARNING: [Synth 8-7129] Port WE in module delay__parameterized11 is either unconnected or has no load
WARNING: [Synth 8-7129] Port CE in module delay__parameterized11 is either unconnected or has no load
WARNING: [Synth 8-7129] Port SCLR in module delay__parameterized11 is either unconnected or has no load
WARNING: [Synth 8-7129] Port SCLR_ALT in module delay__parameterized11 is either unconnected or has no load
WARNING: [Synth 8-7129] Port CLK in module delay__parameterized11 is either unconnected or has no load
WARNING: [Synth 8-7129] Port WE in module delay__parameterized10 is either unconnected or has no load
WARNING: [Synth 8-7129] Port CE in module delay__parameterized10 is either unconnected or has no load
WARNING: [Synth 8-7129] Port SCLR in module delay__parameterized10 is either unconnected or has no load
WARNING: [Synth 8-7129] Port SCLR_ALT in module delay__parameterized10 is either unconnected or has no load
WARNING: [Synth 8-7129] Port CLK in module delay__parameterized10 is either unconnected or has no load
WARNING: [Synth 8-7129] Port PRE_ADDSUB in module calc is either unconnected or has no load
WARNING: [Synth 8-7129] Port CED in module calc is either unconnected or has no load
WARNING: [Synth 8-7129] Port WE in module delay__parameterized9 is either unconnected or has no load
WARNING: [Synth 8-7129] Port CE in module delay__parameterized9 is either unconnected or has no load
WARNING: [Synth 8-7129] Port SCLR in module delay__parameterized9 is either unconnected or has no load
WARNING: [Synth 8-7129] Port SCLR_ALT in module delay__parameterized9 is either unconnected or has no load
WARNING: [Synth 8-7129] Port CLK in module delay__parameterized9 is either unconnected or has no load
WARNING: [Synth 8-7129] Port WE in module delay__parameterized8 is either unconnected or has no load
WARNING: [Synth 8-7129] Port CE in module delay__parameterized8 is either unconnected or has no load
WARNING: [Synth 8-7129] Port SCLR in module delay__parameterized8 is either unconnected or has no load
WARNING: [Synth 8-7129] Port SCLR_ALT in module delay__parameterized8 is either unconnected or has no load
WARNING: [Synth 8-7129] Port CLK in module delay__parameterized8 is either unconnected or has no load
WARNING: [Synth 8-7129] Port POUT[fab][57] in module addsub_mult_accum is either unconnected or has no load
WARNING: [Synth 8-7129] Port POUT[fab][56] in module addsub_mult_accum is either unconnected or has no load
WARNING: [Synth 8-7129] Port POUT[fab][55] in module addsub_mult_accum is either unconnected or has no load
WARNING: [Synth 8-7129] Port POUT[fab][54] in module addsub_mult_accum is either unconnected or has no load
WARNING: [Synth 8-7129] Port POUT[fab][53] in module addsub_mult_accum is either unconnected or has no load
WARNING: [Synth 8-7129] Port POUT[fab][52] in module addsub_mult_accum is either unconnected or has no load
WARNING: [Synth 8-7129] Port POUT[fab][51] in module addsub_mult_accum is either unconnected or has no load
WARNING: [Synth 8-7129] Port POUT[fab][50] in module addsub_mult_accum is either unconnected or has no load
WARNING: [Synth 8-7129] Port POUT[fab][49] in module addsub_mult_accum is either unconnected or has no load
WARNING: [Synth 8-7129] Port POUT[fab][48] in module addsub_mult_accum is either unconnected or has no load
WARNING: [Synth 8-7129] Port POUT[casc][62] in module addsub_mult_accum is either unconnected or has no load
WARNING: [Synth 8-7129] Port POUT[casc][61] in module addsub_mult_accum is either unconnected or has no load
WARNING: [Synth 8-7129] Port POUT[casc][60] in module addsub_mult_accum is either unconnected or has no load
WARNING: [Synth 8-7129] Port POUT[casc][59] in module addsub_mult_accum is either unconnected or has no load
WARNING: [Synth 8-7129] Port POUT[casc][58] in module addsub_mult_accum is either unconnected or has no load
WARNING: [Synth 8-7129] Port POUT[casc][57] in module addsub_mult_accum is either unconnected or has no load
WARNING: [Synth 8-7129] Port POUT[casc][56] in module addsub_mult_accum is either unconnected or has no load
WARNING: [Synth 8-7129] Port POUT[casc][55] in module addsub_mult_accum is either unconnected or has no load
WARNING: [Synth 8-7129] Port POUT[casc][54] in module addsub_mult_accum is either unconnected or has no load
WARNING: [Synth 8-7129] Port POUT[casc][53] in module addsub_mult_accum is either unconnected or has no load
WARNING: [Synth 8-7129] Port POUT[casc][52] in module addsub_mult_accum is either unconnected or has no load
WARNING: [Synth 8-7129] Port POUT[casc][51] in module addsub_mult_accum is either unconnected or has no load
WARNING: [Synth 8-7129] Port POUT[casc][50] in module addsub_mult_accum is either unconnected or has no load
WARNING: [Synth 8-7129] Port POUT[casc][49] in module addsub_mult_accum is either unconnected or has no load
WARNING: [Synth 8-7129] Port POUT[casc][48] in module addsub_mult_accum is either unconnected or has no load
WARNING: [Synth 8-7129] Port PIN[fab][57] in module addsub_mult_accum is either unconnected or has no load
WARNING: [Synth 8-7129] Port PIN[fab][56] in module addsub_mult_accum is either unconnected or has no load
WARNING: [Synth 8-7129] Port PIN[fab][55] in module addsub_mult_accum is either unconnected or has no load
WARNING: [Synth 8-7129] Port PIN[fab][54] in module addsub_mult_accum is either unconnected or has no load
WARNING: [Synth 8-7129] Port PIN[fab][53] in module addsub_mult_accum is either unconnected or has no load
WARNING: [Synth 8-7129] Port PIN[fab][52] in module addsub_mult_accum is either unconnected or has no load
WARNING: [Synth 8-7129] Port PIN[fab][51] in module addsub_mult_accum is either unconnected or has no load
WARNING: [Synth 8-7129] Port PIN[fab][50] in module addsub_mult_accum is either unconnected or has no load
WARNING: [Synth 8-7129] Port PIN[fab][49] in module addsub_mult_accum is either unconnected or has no load
WARNING: [Synth 8-7129] Port PIN[fab][48] in module addsub_mult_accum is either unconnected or has no load
WARNING: [Synth 8-7129] Port PIN[fab][47] in module addsub_mult_accum is either unconnected or has no load
WARNING: [Synth 8-7129] Port PIN[fab][46] in module addsub_mult_accum is either unconnected or has no load
WARNING: [Synth 8-7129] Port PIN[fab][45] in module addsub_mult_accum is either unconnected or has no load
WARNING: [Synth 8-7129] Port PIN[fab][44] in module addsub_mult_accum is either unconnected or has no load
WARNING: [Synth 8-7129] Port PIN[fab][43] in module addsub_mult_accum is either unconnected or has no load
WARNING: [Synth 8-7129] Port PIN[fab][42] in module addsub_mult_accum is either unconnected or has no load
WARNING: [Synth 8-7129] Port PIN[fab][41] in module addsub_mult_accum is either unconnected or has no load
WARNING: [Synth 8-7129] Port PIN[fab][40] in module addsub_mult_accum is either unconnected or has no load
WARNING: [Synth 8-7129] Port PIN[fab][39] in module addsub_mult_accum is either unconnected or has no load
WARNING: [Synth 8-7129] Port PIN[fab][38] in module addsub_mult_accum is either unconnected or has no load
WARNING: [Synth 8-7129] Port PIN[fab][37] in module addsub_mult_accum is either unconnected or has no load
WARNING: [Synth 8-7129] Port PIN[fab][36] in module addsub_mult_accum is either unconnected or has no load
WARNING: [Synth 8-7129] Port PIN[fab][35] in module addsub_mult_accum is either unconnected or has no load
WARNING: [Synth 8-7129] Port PIN[fab][34] in module addsub_mult_accum is either unconnected or has no load
WARNING: [Synth 8-7129] Port PIN[fab][33] in module addsub_mult_accum is either unconnected or has no load
WARNING: [Synth 8-7129] Port PIN[fab][32] in module addsub_mult_accum is either unconnected or has no load
WARNING: [Synth 8-7129] Port PIN[fab][31] in module addsub_mult_accum is either unconnected or has no load
WARNING: [Synth 8-7129] Port PIN[fab][30] in module addsub_mult_accum is either unconnected or has no load
WARNING: [Synth 8-7129] Port PIN[fab][29] in module addsub_mult_accum is either unconnected or has no load
WARNING: [Synth 8-7129] Port PIN[fab][28] in module addsub_mult_accum is either unconnected or has no load
WARNING: [Synth 8-7129] Port PIN[fab][27] in module addsub_mult_accum is either unconnected or has no load
WARNING: [Synth 8-7129] Port PIN[fab][26] in module addsub_mult_accum is either unconnected or has no load
WARNING: [Synth 8-7129] Port PIN[fab][25] in module addsub_mult_accum is either unconnected or has no load
WARNING: [Synth 8-7129] Port PIN[fab][24] in module addsub_mult_accum is either unconnected or has no load
WARNING: [Synth 8-7129] Port PIN[fab][23] in module addsub_mult_accum is either unconnected or has no load
WARNING: [Synth 8-7129] Port PIN[fab][22] in module addsub_mult_accum is either unconnected or has no load
WARNING: [Synth 8-7129] Port PIN[fab][21] in module addsub_mult_accum is either unconnected or has no load
WARNING: [Synth 8-7129] Port PIN[fab][20] in module addsub_mult_accum is either unconnected or has no load
WARNING: [Synth 8-7129] Port PIN[fab][19] in module addsub_mult_accum is either unconnected or has no load
WARNING: [Synth 8-7129] Port PIN[fab][18] in module addsub_mult_accum is either unconnected or has no load
WARNING: [Synth 8-7129] Port PIN[fab][17] in module addsub_mult_accum is either unconnected or has no load
WARNING: [Synth 8-7129] Port PIN[fab][16] in module addsub_mult_accum is either unconnected or has no load
WARNING: [Synth 8-7129] Port PIN[fab][15] in module addsub_mult_accum is either unconnected or has no load
WARNING: [Synth 8-7129] Port PIN[fab][14] in module addsub_mult_accum is either unconnected or has no load
WARNING: [Synth 8-7129] Port PIN[fab][13] in module addsub_mult_accum is either unconnected or has no load
WARNING: [Synth 8-7129] Port PIN[fab][12] in module addsub_mult_accum is either unconnected or has no load
WARNING: [Synth 8-7129] Port PIN[fab][11] in module addsub_mult_accum is either unconnected or has no load
WARNING: [Synth 8-7129] Port PIN[fab][10] in module addsub_mult_accum is either unconnected or has no load
WARNING: [Synth 8-7129] Port PIN[fab][9] in module addsub_mult_accum is either unconnected or has no load
INFO: [Common 17-14] Message 'Synth 8-7129' appears 100 times and further instances of the messages will be disabled. Use the Tcl command set_msg_config to change the current settings.
---------------------------------------------------------------------------------
Finished RTL Elaboration : Time (s): cpu = 00:00:18 ; elapsed = 00:00:21 . Memory (MB): peak = 2107.242 ; gain = 299.875
---------------------------------------------------------------------------------
---------------------------------------------------------------------------------
Start Handling Custom Attributes
---------------------------------------------------------------------------------
---------------------------------------------------------------------------------
Finished Handling Custom Attributes : Time (s): cpu = 00:00:18 ; elapsed = 00:00:21 . Memory (MB): peak = 2107.242 ; gain = 299.875
---------------------------------------------------------------------------------
---------------------------------------------------------------------------------
Finished RTL Optimization Phase 1 : Time (s): cpu = 00:00:18 ; elapsed = 00:00:21 . Memory (MB): peak = 2107.242 ; gain = 299.875
---------------------------------------------------------------------------------
Netlist sorting complete. Time (s): cpu = 00:00:00 ; elapsed = 00:00:00.035 . Memory (MB): peak = 2107.242 ; gain = 0.000
INFO: [Netlist 29-17] Analyzing 1 Unisim elements for replacement
INFO: [Netlist 29-28] Unisim Transformation completed in 0 CPU seconds
INFO: [Project 1-570] Preparing netlist for logic optimization

Processing XDC Constraints
Initializing timing engine
Parsing XDC File [c:/gitaar_effect/Gitaar_effect_delay/Gitaar_effect_delay.gen/sources_1/bd/effects_pedal/bd/delay_channel_1_inst_2/ip/delay_channel_1_inst_2_fir_compiler_0_0/delay_channel_1_inst_2_fir_compiler_0_0_ooc.xdc] for cell 'U0'
Finished Parsing XDC File [c:/gitaar_effect/Gitaar_effect_delay/Gitaar_effect_delay.gen/sources_1/bd/effects_pedal/bd/delay_channel_1_inst_2/ip/delay_channel_1_inst_2_fir_compiler_0_0/delay_channel_1_inst_2_fir_compiler_0_0_ooc.xdc] for cell 'U0'
Parsing XDC File [c:/gitaar_effect/Gitaar_effect_delay/Gitaar_effect_delay.gen/sources_1/bd/effects_pedal/bd/delay_channel_1_inst_2/ip/delay_channel_1_inst_2_fir_compiler_0_0/constraints/fir_compiler_v7_2.xdc] for cell 'U0'
Finished Parsing XDC File [c:/gitaar_effect/Gitaar_effect_delay/Gitaar_effect_delay.gen/sources_1/bd/effects_pedal/bd/delay_channel_1_inst_2/ip/delay_channel_1_inst_2_fir_compiler_0_0/constraints/fir_compiler_v7_2.xdc] for cell 'U0'
Parsing XDC File [C:/gitaar_effect/Gitaar_effect_delay/Gitaar_effect_delay.runs/delay_channel_1_inst_2_fir_compiler_0_0_synth_1/dont_touch.xdc]
Finished Parsing XDC File [C:/gitaar_effect/Gitaar_effect_delay/Gitaar_effect_delay.runs/delay_channel_1_inst_2_fir_compiler_0_0_synth_1/dont_touch.xdc]
Completed Processing XDC Constraints

Netlist sorting complete. Time (s): cpu = 00:00:00 ; elapsed = 00:00:00.001 . Memory (MB): peak = 2107.242 ; gain = 0.000
INFO: [Project 1-111] Unisim Transformation Summary:
No Unisim elements were transformed.

Constraint Validation Runtime : Time (s): cpu = 00:00:00 ; elapsed = 00:00:00.059 . Memory (MB): peak = 2107.242 ; gain = 0.000
INFO: [Designutils 20-5008] Incremental synthesis strategy off
---------------------------------------------------------------------------------
Finished Constraint Validation : Time (s): cpu = 00:00:28 ; elapsed = 00:00:32 . Memory (MB): peak = 2107.242 ; gain = 299.875
---------------------------------------------------------------------------------
---------------------------------------------------------------------------------
Start Loading Part and Timing Information
---------------------------------------------------------------------------------
Loading part: xc7a100tcsg324-1
---------------------------------------------------------------------------------
Finished Loading Part and Timing Information : Time (s): cpu = 00:00:28 ; elapsed = 00:00:32 . Memory (MB): peak = 2107.242 ; gain = 299.875
---------------------------------------------------------------------------------
---------------------------------------------------------------------------------
Start Applying 'set_property' XDC Constraints
---------------------------------------------------------------------------------
Applied set_property KEEP_HIERARCHY = SOFT for U0. (constraint file  C:/gitaar_effect/Gitaar_effect_delay/Gitaar_effect_delay.runs/delay_channel_1_inst_2_fir_compiler_0_0_synth_1/dont_touch.xdc, line 9).
---------------------------------------------------------------------------------
Finished applying 'set_property' XDC Constraints : Time (s): cpu = 00:00:28 ; elapsed = 00:00:32 . Memory (MB): peak = 2107.242 ; gain = 299.875
---------------------------------------------------------------------------------
---------------------------------------------------------------------------------
Finished RTL Optimization Phase 2 : Time (s): cpu = 00:00:28 ; elapsed = 00:00:33 . Memory (MB): peak = 2107.242 ; gain = 299.875
---------------------------------------------------------------------------------
INFO: [Synth 8-223] decloning instance 'U0/i_synth/g_single_rate.i_single_rate/g_semi_parallel_and_smac.g_cntrl_signals[0].i_delay' (delay__parameterized4) to 'U0/i_synth/g_single_rate.i_single_rate/g_semi_parallel_and_smac.g_cntrl_signals[1].i_delay'
INFO: [Synth 8-223] decloning instance 'U0/i_synth/g_single_rate.i_single_rate/g_semi_parallel_and_smac.g_cntrl_signals[4].i_delay' (delay__parameterized5) to 'U0/i_synth/g_single_rate.i_single_rate/g_semi_parallel_and_smac.g_cntrl_signals[5].i_delay'
---------------------------------------------------------------------------------
Start RTL Component Statistics 
---------------------------------------------------------------------------------
---------------------------------------------------------------------------------
Finished RTL Component Statistics 
---------------------------------------------------------------------------------
---------------------------------------------------------------------------------
Start Part Resource Summary
---------------------------------------------------------------------------------
Part Resources:
DSPs: 240 (col length:80)
BRAMs: 270 (col length: RAMB18 80 RAMB36 40)
---------------------------------------------------------------------------------
Finished Part Resource Summary
---------------------------------------------------------------------------------
---------------------------------------------------------------------------------
Start Cross Boundary and Area Optimization
---------------------------------------------------------------------------------
WARNING: [Synth 8-7080] Parallel synthesis criteria is not met
---------------------------------------------------------------------------------
Finished Cross Boundary and Area Optimization : Time (s): cpu = 00:00:31 ; elapsed = 00:00:35 . Memory (MB): peak = 2107.242 ; gain = 299.875
---------------------------------------------------------------------------------
---------------------------------------------------------------------------------
Start Applying XDC Timing Constraints
---------------------------------------------------------------------------------
---------------------------------------------------------------------------------
Finished Applying XDC Timing Constraints : Time (s): cpu = 00:00:42 ; elapsed = 00:00:47 . Memory (MB): peak = 2107.242 ; gain = 299.875
---------------------------------------------------------------------------------
---------------------------------------------------------------------------------
Start Timing Optimization
---------------------------------------------------------------------------------
---------------------------------------------------------------------------------
Finished Timing Optimization : Time (s): cpu = 00:00:42 ; elapsed = 00:00:47 . Memory (MB): peak = 2117.152 ; gain = 309.785
---------------------------------------------------------------------------------
---------------------------------------------------------------------------------
Start Technology Mapping
---------------------------------------------------------------------------------
---------------------------------------------------------------------------------
Finished Technology Mapping : Time (s): cpu = 00:00:42 ; elapsed = 00:00:47 . Memory (MB): peak = 2117.160 ; gain = 309.793
---------------------------------------------------------------------------------
---------------------------------------------------------------------------------
Start IO Insertion
---------------------------------------------------------------------------------
---------------------------------------------------------------------------------
Start Flattening Before IO Insertion
---------------------------------------------------------------------------------
---------------------------------------------------------------------------------
Finished Flattening Before IO Insertion
---------------------------------------------------------------------------------
---------------------------------------------------------------------------------
Start Final Netlist Cleanup
---------------------------------------------------------------------------------
---------------------------------------------------------------------------------
Finished Final Netlist Cleanup
---------------------------------------------------------------------------------
---------------------------------------------------------------------------------
Finished IO Insertion : Time (s): cpu = 00:00:47 ; elapsed = 00:00:52 . Memory (MB): peak = 2117.160 ; gain = 309.793
---------------------------------------------------------------------------------
---------------------------------------------------------------------------------
Start Renaming Generated Instances
---------------------------------------------------------------------------------
---------------------------------------------------------------------------------
Finished Renaming Generated Instances : Time (s): cpu = 00:00:47 ; elapsed = 00:00:52 . Memory (MB): peak = 2117.160 ; gain = 309.793
---------------------------------------------------------------------------------
---------------------------------------------------------------------------------
Start Rebuilding User Hierarchy
---------------------------------------------------------------------------------
---------------------------------------------------------------------------------
Finished Rebuilding User Hierarchy : Time (s): cpu = 00:00:47 ; elapsed = 00:00:52 . Memory (MB): peak = 2117.160 ; gain = 309.793
---------------------------------------------------------------------------------
---------------------------------------------------------------------------------
Start Renaming Generated Ports
---------------------------------------------------------------------------------
---------------------------------------------------------------------------------
Finished Renaming Generated Ports : Time (s): cpu = 00:00:47 ; elapsed = 00:00:52 . Memory (MB): peak = 2117.160 ; gain = 309.793
---------------------------------------------------------------------------------
---------------------------------------------------------------------------------
Start Handling Custom Attributes
---------------------------------------------------------------------------------
---------------------------------------------------------------------------------
Finished Handling Custom Attributes : Time (s): cpu = 00:00:47 ; elapsed = 00:00:52 . Memory (MB): peak = 2117.160 ; gain = 309.793
---------------------------------------------------------------------------------
---------------------------------------------------------------------------------
Start Renaming Generated Nets
---------------------------------------------------------------------------------
---------------------------------------------------------------------------------
Finished Renaming Generated Nets : Time (s): cpu = 00:00:47 ; elapsed = 00:00:52 . Memory (MB): peak = 2117.160 ; gain = 309.793
---------------------------------------------------------------------------------
---------------------------------------------------------------------------------
Start Writing Synthesis Report
---------------------------------------------------------------------------------

DSP Final Report (the ' indicates corresponding REG is set)
+------------+-------------+--------+--------+--------+--------+--------+------+------+------+------+-------+------+------+
|Module Name | DSP Mapping | A Size | B Size | C Size | D Size | P Size | AREG | BREG | CREG | DREG | ADREG | MREG | PREG | 
+------------+-------------+--------+--------+--------+--------+--------+------+------+------+------+-------+------+------+
|calc        | Dynamic     | -      | -      | -      | -      | 48     | -    | -    | -    | -    | 1     | 1    | 1    | 
+------------+-------------+--------+--------+--------+--------+--------+------+------+------+------+-------+------+------+


Report BlackBoxes: 
+-+--------------+----------+
| |BlackBox name |Instances |
+-+--------------+----------+
+-+--------------+----------+

Report Cell Usage: 
+------+--------+------+
|      |Cell    |Count |
+------+--------+------+
|1     |DSP48E1 |     1|
|2     |LUT2    |    11|
|3     |LUT3    |    18|
|4     |LUT4    |     6|
|5     |LUT5    |     5|
|6     |LUT6    |     4|
|7     |SRL16E  |    78|
|8     |FDRE    |   193|
|9     |FDSE    |     3|
+------+--------+------+
---------------------------------------------------------------------------------
Finished Writing Synthesis Report : Time (s): cpu = 00:00:47 ; elapsed = 00:00:52 . Memory (MB): peak = 2117.160 ; gain = 309.793
---------------------------------------------------------------------------------
Synthesis finished with 0 errors, 0 critical warnings and 33 warnings.
Synthesis Optimization Runtime : Time (s): cpu = 00:00:26 ; elapsed = 00:00:48 . Memory (MB): peak = 2117.160 ; gain = 309.793
Synthesis Optimization Complete : Time (s): cpu = 00:00:47 ; elapsed = 00:00:52 . Memory (MB): peak = 2117.160 ; gain = 309.793
INFO: [Project 1-571] Translating synthesized netlist
Netlist sorting complete. Time (s): cpu = 00:00:00 ; elapsed = 00:00:00.008 . Memory (MB): peak = 2117.160 ; gain = 0.000
INFO: [Netlist 29-17] Analyzing 1 Unisim elements for replacement
INFO: [Netlist 29-28] Unisim Transformation completed in 0 CPU seconds
INFO: [Project 1-570] Preparing netlist for logic optimization
INFO: [Opt 31-138] Pushed 0 inverter(s) to 0 load pin(s).
Netlist sorting complete. Time (s): cpu = 00:00:00 ; elapsed = 00:00:00 . Memory (MB): peak = 2132.613 ; gain = 0.000
INFO: [Project 1-111] Unisim Transformation Summary:
No Unisim elements were transformed.

Synth Design complete, checksum: 2e1464ee
INFO: [Common 17-83] Releasing license: Synthesis
23 Infos, 103 Warnings, 0 Critical Warnings and 0 Errors encountered.
synth_design completed successfully
synth_design: Time (s): cpu = 00:00:52 ; elapsed = 00:00:58 . Memory (MB): peak = 2132.613 ; gain = 325.246
INFO: [Common 17-1381] The checkpoint 'C:/gitaar_effect/Gitaar_effect_delay/Gitaar_effect_delay.runs/delay_channel_1_inst_2_fir_compiler_0_0_synth_1/delay_channel_1_inst_2_fir_compiler_0_0.dcp' has been generated.
INFO: [Coretcl 2-1174] Renamed 21 cell refs.
INFO: [Common 17-1381] The checkpoint 'C:/gitaar_effect/Gitaar_effect_delay/Gitaar_effect_delay.runs/delay_channel_1_inst_2_fir_compiler_0_0_synth_1/delay_channel_1_inst_2_fir_compiler_0_0.dcp' has been generated.
INFO: [runtcl-4] Executing : report_utilization -file delay_channel_1_inst_2_fir_compiler_0_0_utilization_synth.rpt -pb delay_channel_1_inst_2_fir_compiler_0_0_utilization_synth.pb
INFO: [Common 17-206] Exiting Vivado at Fri Feb  3 15:29:01 2023...
