
*** Running vivado
    with args -log chorus_channel_inst_1_chorus_mem_driver_0_0.vds -m64 -product Vivado -mode batch -messageDb vivado.pb -notrace -source chorus_channel_inst_1_chorus_mem_driver_0_0.tcl



****** Vivado v2022.1 (64-bit)
  **** SW Build 3526262 on Mon Apr 18 15:48:16 MDT 2022
  **** IP Build 3524634 on Mon Apr 18 20:55:01 MDT 2022
    ** Copyright 1986-2022 Xilinx, Inc. All Rights Reserved.

source chorus_channel_inst_1_chorus_mem_driver_0_0.tcl -notrace
create_project: Time (s): cpu = 00:00:05 ; elapsed = 00:00:06 . Memory (MB): peak = 1769.430 ; gain = 0.000
INFO: [IP_Flow 19-234] Refreshing IP repositories
INFO: [IP_Flow 19-1704] No user IP repositories specified
INFO: [IP_Flow 19-2313] Loaded Vivado IP repository 'D:/Vivado/2022.1/data/ip'.
Command: synth_design -top chorus_channel_inst_1_chorus_mem_driver_0_0 -part xc7a100tcsg324-1 -incremental_mode off -mode out_of_context
Starting synth_design
Attempting to get a license for feature 'Synthesis' and/or device 'xc7a100t'
INFO: [Common 17-349] Got license for feature 'Synthesis' and/or device 'xc7a100t'
INFO: [Device 21-403] Loading part xc7a100tcsg324-1
INFO: [Synth 8-7079] Multithreading enabled for synth_design using a maximum of 2 processes.
INFO: [Synth 8-7078] Launching helper process for spawning children vivado processes
INFO: [Synth 8-7075] Helper process launched with PID 39332
---------------------------------------------------------------------------------
Starting RTL Elaboration : Time (s): cpu = 00:00:06 ; elapsed = 00:00:08 . Memory (MB): peak = 1914.531 ; gain = 145.102
---------------------------------------------------------------------------------
INFO: [Synth 8-638] synthesizing module 'chorus_channel_inst_1_chorus_mem_driver_0_0' [c:/gitaar_effect/Gitaar_effect_delay/Gitaar_effect_delay.gen/sources_1/bd/Chorus_effect/bd/chorus_channel_inst_1/ip/chorus_channel_inst_1_chorus_mem_driver_0_0/synth/chorus_channel_inst_1_chorus_mem_driver_0_0.vhd:70]
	Parameter max_delay bound to: 8096 - type: integer 
INFO: [Synth 8-3491] module 'chorus_mem_driver' declared at 'C:/gitaar_effect/Gitaar_effect_delay/Gitaar_effect_delay.srcs/sources_1/new/chorus_mem_driver.vhd:35' bound to instance 'U0' of component 'chorus_mem_driver' [c:/gitaar_effect/Gitaar_effect_delay/Gitaar_effect_delay.gen/sources_1/bd/Chorus_effect/bd/chorus_channel_inst_1/ip/chorus_channel_inst_1_chorus_mem_driver_0_0/synth/chorus_channel_inst_1_chorus_mem_driver_0_0.vhd:102]
INFO: [Synth 8-638] synthesizing module 'chorus_mem_driver' [C:/gitaar_effect/Gitaar_effect_delay/Gitaar_effect_delay.srcs/sources_1/new/chorus_mem_driver.vhd:53]
WARNING: [Synth 8-614] signal 'delay_sample' is read in the process but is not in the sensitivity list [C:/gitaar_effect/Gitaar_effect_delay/Gitaar_effect_delay.srcs/sources_1/new/chorus_mem_driver.vhd:72]
INFO: [Synth 8-256] done synthesizing module 'chorus_mem_driver' (0#1) [C:/gitaar_effect/Gitaar_effect_delay/Gitaar_effect_delay.srcs/sources_1/new/chorus_mem_driver.vhd:53]
INFO: [Synth 8-256] done synthesizing module 'chorus_channel_inst_1_chorus_mem_driver_0_0' (0#1) [c:/gitaar_effect/Gitaar_effect_delay/Gitaar_effect_delay.gen/sources_1/bd/Chorus_effect/bd/chorus_channel_inst_1/ip/chorus_channel_inst_1_chorus_mem_driver_0_0/synth/chorus_channel_inst_1_chorus_mem_driver_0_0.vhd:70]
---------------------------------------------------------------------------------
Finished RTL Elaboration : Time (s): cpu = 00:00:08 ; elapsed = 00:00:10 . Memory (MB): peak = 2000.059 ; gain = 230.629
---------------------------------------------------------------------------------
---------------------------------------------------------------------------------
Start Handling Custom Attributes
---------------------------------------------------------------------------------
---------------------------------------------------------------------------------
Finished Handling Custom Attributes : Time (s): cpu = 00:00:08 ; elapsed = 00:00:10 . Memory (MB): peak = 2000.059 ; gain = 230.629
---------------------------------------------------------------------------------
---------------------------------------------------------------------------------
Finished RTL Optimization Phase 1 : Time (s): cpu = 00:00:08 ; elapsed = 00:00:10 . Memory (MB): peak = 2000.059 ; gain = 230.629
---------------------------------------------------------------------------------
Netlist sorting complete. Time (s): cpu = 00:00:00 ; elapsed = 00:00:00.004 . Memory (MB): peak = 2000.059 ; gain = 0.000
INFO: [Project 1-570] Preparing netlist for logic optimization

Processing XDC Constraints
Initializing timing engine
Completed Processing XDC Constraints

Netlist sorting complete. Time (s): cpu = 00:00:00 ; elapsed = 00:00:00 . Memory (MB): peak = 2054.562 ; gain = 0.000
INFO: [Project 1-111] Unisim Transformation Summary:
No Unisim elements were transformed.

Constraint Validation Runtime : Time (s): cpu = 00:00:00 ; elapsed = 00:00:00.125 . Memory (MB): peak = 2055.246 ; gain = 0.684
INFO: [Designutils 20-5008] Incremental synthesis strategy off
---------------------------------------------------------------------------------
Finished Constraint Validation : Time (s): cpu = 00:00:16 ; elapsed = 00:00:19 . Memory (MB): peak = 2055.246 ; gain = 285.816
---------------------------------------------------------------------------------
---------------------------------------------------------------------------------
Start Loading Part and Timing Information
---------------------------------------------------------------------------------
Loading part: xc7a100tcsg324-1
---------------------------------------------------------------------------------
Finished Loading Part and Timing Information : Time (s): cpu = 00:00:16 ; elapsed = 00:00:19 . Memory (MB): peak = 2055.246 ; gain = 285.816
---------------------------------------------------------------------------------
---------------------------------------------------------------------------------
Start Applying 'set_property' XDC Constraints
---------------------------------------------------------------------------------
---------------------------------------------------------------------------------
Finished applying 'set_property' XDC Constraints : Time (s): cpu = 00:00:16 ; elapsed = 00:00:19 . Memory (MB): peak = 2055.246 ; gain = 285.816
---------------------------------------------------------------------------------
INFO: [Synth 8-802] inferred FSM for state register 'write_flag_reg' in module 'chorus_mem_driver'
INFO: [Synth 8-802] inferred FSM for state register 'read_flag_reg' in module 'chorus_mem_driver'
---------------------------------------------------------------------------------------------------
                   State |                     New Encoding |                Previous Encoding 
---------------------------------------------------------------------------------------------------
                 iSTATE1 |                             0001 |                               01
                 iSTATE2 |                             0010 |                               10
                 iSTATE0 |                             0100 |                               11
*
                  iSTATE |                             1000 |                               00
---------------------------------------------------------------------------------------------------
INFO: [Synth 8-3354] encoded FSM with state register 'read_flag_reg' using encoding 'one-hot' in module 'chorus_mem_driver'
---------------------------------------------------------------------------------------------------
                   State |                     New Encoding |                Previous Encoding 
---------------------------------------------------------------------------------------------------
                 iSTATE1 |                             0001 |                               01
                 iSTATE2 |                             0010 |                               10
                 iSTATE0 |                             0100 |                               11
*
                  iSTATE |                             1000 |                               00
---------------------------------------------------------------------------------------------------
INFO: [Synth 8-3354] encoded FSM with state register 'write_flag_reg' using encoding 'one-hot' in module 'chorus_mem_driver'
---------------------------------------------------------------------------------
Finished RTL Optimization Phase 2 : Time (s): cpu = 00:00:16 ; elapsed = 00:00:19 . Memory (MB): peak = 2055.246 ; gain = 285.816
---------------------------------------------------------------------------------
---------------------------------------------------------------------------------
Start RTL Component Statistics 
---------------------------------------------------------------------------------
Detailed RTL Component Info : 
+---Adders : 
	   3 Input   12 Bit       Adders := 1     
	   2 Input    3 Bit       Adders := 1     
+---Registers : 
	               24 Bit    Registers := 4     
	               12 Bit    Registers := 3     
	                3 Bit    Registers := 1     
	                1 Bit    Registers := 3     
+---Muxes : 
	   2 Input   12 Bit        Muxes := 1     
	   3 Input    4 Bit        Muxes := 2     
	   2 Input    3 Bit        Muxes := 1     
	   2 Input    1 Bit        Muxes := 9     
	   3 Input    1 Bit        Muxes := 3     
	   4 Input    1 Bit        Muxes := 4     
---------------------------------------------------------------------------------
Finished RTL Component Statistics 
---------------------------------------------------------------------------------
---------------------------------------------------------------------------------
Start Part Resource Summary
---------------------------------------------------------------------------------
Part Resources:
DSPs: 240 (col length:80)
BRAMs: 270 (col length: RAMB18 80 RAMB36 40)
---------------------------------------------------------------------------------
Finished Part Resource Summary
---------------------------------------------------------------------------------
---------------------------------------------------------------------------------
Start Cross Boundary and Area Optimization
---------------------------------------------------------------------------------
WARNING: [Synth 8-7080] Parallel synthesis criteria is not met
INFO: [Synth 8-3332] Sequential element (U0/FSM_onehot_read_flag_reg[3]) is unused and will be removed from module chorus_channel_inst_1_chorus_mem_driver_0_0.
INFO: [Synth 8-3332] Sequential element (U0/FSM_onehot_write_flag_reg[3]) is unused and will be removed from module chorus_channel_inst_1_chorus_mem_driver_0_0.
---------------------------------------------------------------------------------
Finished Cross Boundary and Area Optimization : Time (s): cpu = 00:00:18 ; elapsed = 00:00:21 . Memory (MB): peak = 2055.246 ; gain = 285.816
---------------------------------------------------------------------------------
---------------------------------------------------------------------------------
Start Applying XDC Timing Constraints
---------------------------------------------------------------------------------
---------------------------------------------------------------------------------
Finished Applying XDC Timing Constraints : Time (s): cpu = 00:00:24 ; elapsed = 00:00:27 . Memory (MB): peak = 2055.246 ; gain = 285.816
---------------------------------------------------------------------------------
---------------------------------------------------------------------------------
Start Timing Optimization
---------------------------------------------------------------------------------
---------------------------------------------------------------------------------
Finished Timing Optimization : Time (s): cpu = 00:00:24 ; elapsed = 00:00:27 . Memory (MB): peak = 2055.246 ; gain = 285.816
---------------------------------------------------------------------------------
---------------------------------------------------------------------------------
Start Technology Mapping
---------------------------------------------------------------------------------
---------------------------------------------------------------------------------
Finished Technology Mapping : Time (s): cpu = 00:00:24 ; elapsed = 00:00:27 . Memory (MB): peak = 2055.246 ; gain = 285.816
---------------------------------------------------------------------------------
---------------------------------------------------------------------------------
Start IO Insertion
---------------------------------------------------------------------------------
---------------------------------------------------------------------------------
Start Flattening Before IO Insertion
---------------------------------------------------------------------------------
---------------------------------------------------------------------------------
Finished Flattening Before IO Insertion
---------------------------------------------------------------------------------
---------------------------------------------------------------------------------
Start Final Netlist Cleanup
---------------------------------------------------------------------------------
---------------------------------------------------------------------------------
Finished Final Netlist Cleanup
---------------------------------------------------------------------------------
---------------------------------------------------------------------------------
Finished IO Insertion : Time (s): cpu = 00:00:29 ; elapsed = 00:00:32 . Memory (MB): peak = 2055.246 ; gain = 285.816
---------------------------------------------------------------------------------
---------------------------------------------------------------------------------
Start Renaming Generated Instances
---------------------------------------------------------------------------------
---------------------------------------------------------------------------------
Finished Renaming Generated Instances : Time (s): cpu = 00:00:29 ; elapsed = 00:00:32 . Memory (MB): peak = 2055.246 ; gain = 285.816
---------------------------------------------------------------------------------
---------------------------------------------------------------------------------
Start Rebuilding User Hierarchy
---------------------------------------------------------------------------------
---------------------------------------------------------------------------------
Finished Rebuilding User Hierarchy : Time (s): cpu = 00:00:29 ; elapsed = 00:00:32 . Memory (MB): peak = 2055.246 ; gain = 285.816
---------------------------------------------------------------------------------
---------------------------------------------------------------------------------
Start Renaming Generated Ports
---------------------------------------------------------------------------------
---------------------------------------------------------------------------------
Finished Renaming Generated Ports : Time (s): cpu = 00:00:29 ; elapsed = 00:00:32 . Memory (MB): peak = 2055.246 ; gain = 285.816
---------------------------------------------------------------------------------
---------------------------------------------------------------------------------
Start Handling Custom Attributes
---------------------------------------------------------------------------------
---------------------------------------------------------------------------------
Finished Handling Custom Attributes : Time (s): cpu = 00:00:29 ; elapsed = 00:00:32 . Memory (MB): peak = 2055.246 ; gain = 285.816
---------------------------------------------------------------------------------
---------------------------------------------------------------------------------
Start Renaming Generated Nets
---------------------------------------------------------------------------------
---------------------------------------------------------------------------------
Finished Renaming Generated Nets : Time (s): cpu = 00:00:29 ; elapsed = 00:00:32 . Memory (MB): peak = 2055.246 ; gain = 285.816
---------------------------------------------------------------------------------
---------------------------------------------------------------------------------
Start Writing Synthesis Report
---------------------------------------------------------------------------------

Report BlackBoxes: 
+-+--------------+----------+
| |BlackBox name |Instances |
+-+--------------+----------+
+-+--------------+----------+

Report Cell Usage: 
+------+-------+------+
|      |Cell   |Count |
+------+-------+------+
|1     |CARRY4 |     9|
|2     |LUT1   |     2|
|3     |LUT2   |    26|
|4     |LUT3   |    16|
|5     |LUT4   |     4|
|6     |LUT5   |     2|
|7     |LUT6   |     6|
|8     |FDRE   |   157|
+------+-------+------+
---------------------------------------------------------------------------------
Finished Writing Synthesis Report : Time (s): cpu = 00:00:29 ; elapsed = 00:00:32 . Memory (MB): peak = 2055.246 ; gain = 285.816
---------------------------------------------------------------------------------
Synthesis finished with 0 errors, 0 critical warnings and 1 warnings.
Synthesis Optimization Runtime : Time (s): cpu = 00:00:19 ; elapsed = 00:00:30 . Memory (MB): peak = 2055.246 ; gain = 230.629
Synthesis Optimization Complete : Time (s): cpu = 00:00:29 ; elapsed = 00:00:32 . Memory (MB): peak = 2055.246 ; gain = 285.816
INFO: [Project 1-571] Translating synthesized netlist
Netlist sorting complete. Time (s): cpu = 00:00:00 ; elapsed = 00:00:00.005 . Memory (MB): peak = 2055.246 ; gain = 0.000
INFO: [Netlist 29-17] Analyzing 9 Unisim elements for replacement
INFO: [Netlist 29-28] Unisim Transformation completed in 0 CPU seconds
INFO: [Project 1-570] Preparing netlist for logic optimization
INFO: [Opt 31-138] Pushed 0 inverter(s) to 0 load pin(s).
Netlist sorting complete. Time (s): cpu = 00:00:00 ; elapsed = 00:00:00 . Memory (MB): peak = 2055.504 ; gain = 0.000
INFO: [Project 1-111] Unisim Transformation Summary:
No Unisim elements were transformed.

Synth Design complete, checksum: 210d176d
INFO: [Common 17-83] Releasing license: Synthesis
29 Infos, 2 Warnings, 0 Critical Warnings and 0 Errors encountered.
synth_design completed successfully
synth_design: Time (s): cpu = 00:00:33 ; elapsed = 00:00:38 . Memory (MB): peak = 2055.504 ; gain = 286.074
INFO: [Common 17-1381] The checkpoint 'C:/gitaar_effect/Gitaar_effect_delay/Gitaar_effect_delay.runs/chorus_channel_inst_1_chorus_mem_driver_0_0_synth_1/chorus_channel_inst_1_chorus_mem_driver_0_0.dcp' has been generated.
WARNING: [Coretcl 2-1799] Unable to create IP cache entry for IP chorus_channel_inst_1_chorus_mem_driver_0_0: Unable to create cache entry directory: c:/gitaar_effect/Gitaar_effect_delay/Gitaar_effect_delay.cache/ip/2022.1/5/4/54a67194a755f303
INFO: [Common 17-1381] The checkpoint 'C:/gitaar_effect/Gitaar_effect_delay/Gitaar_effect_delay.runs/chorus_channel_inst_1_chorus_mem_driver_0_0_synth_1/chorus_channel_inst_1_chorus_mem_driver_0_0.dcp' has been generated.
INFO: [runtcl-4] Executing : report_utilization -file chorus_channel_inst_1_chorus_mem_driver_0_0_utilization_synth.rpt -pb chorus_channel_inst_1_chorus_mem_driver_0_0_utilization_synth.pb
INFO: [Common 17-206] Exiting Vivado at Fri Feb  3 15:18:34 2023...
